[2025-06-07 19:09:53] INFO: Click_On_SignUp_Done
[2025-06-07 19:09:54] INFO: SignUp Username passed successfully...
[2025-06-07 19:09:54] INFO: SignUp password passed successfully...
[2025-06-07 19:10:00] INFO: Login Username passed successfully...
[2025-06-07 19:10:00] INFO: login password passed successfully...
[2025-06-07 19:28:57] INFO: Login Title Passed Succesfully...
[2025-06-07 19:28:57] INFO: Login Url Passed Succesfully...
[2025-06-07 19:28:57] INFO: Click_On_SignUp_Done
[2025-06-07 19:28:58] INFO: SignUp Username passed successfully...
[2025-06-07 19:28:58] INFO: SignUp password passed successfully...
[2025-06-07 19:29:04] INFO: Login Username passed successfully...
[2025-06-07 19:29:04] INFO: login password passed successfully...
[2025-06-07 19:29:08] INFO: Home Title Passed Succesfully...
[2025-06-07 19:29:08] INFO: Home url Passed Succesfully...
[2025-06-07 19:29:08] INFO: Product Count Validated Successfully...
[2025-06-07 19:29:08] INFO: Product price Validated Successfully...
[2025-06-07 19:29:44] INFO: Login Title Passed Succesfully...
[2025-06-07 19:29:44] INFO: Login Url Passed Succesfully...
[2025-06-07 19:29:44] INFO: Click_On_SignUp_Done
[2025-06-07 19:29:45] INFO: SignUp Username passed successfully...
[2025-06-07 19:29:45] INFO: SignUp password passed successfully...
[2025-06-07 19:29:51] INFO: Login Username passed successfully...
[2025-06-07 19:29:51] INFO: login password passed successfully...
[2025-06-07 19:29:56] INFO: Home Title Passed Succesfully...
[2025-06-07 19:29:56] INFO: Home url Passed Succesfully...
[2025-06-07 19:29:57] INFO: Product Count Validated Successfully...
[2025-06-07 19:29:57] INFO: Product price Validated Successfully...
[2025-06-07 19:32:10] INFO: Login Title Passed Succesfully...
[2025-06-07 19:32:10] INFO: Login Url Passed Succesfully...
[2025-06-07 19:32:10] INFO: Click_On_SignUp_Done
[2025-06-07 19:32:11] INFO: SignUp Username passed successfully...
[2025-06-07 19:32:11] INFO: SignUp password passed successfully...
[2025-06-07 19:32:17] INFO: Login Username passed successfully...
[2025-06-07 19:32:17] INFO: login password passed successfully...
[2025-06-07 19:32:21] INFO: Home Title Passed Succesfully...
[2025-06-07 19:32:21] INFO: Home url Passed Succesfully...
[2025-06-07 19:32:22] INFO: Product Count Validated Successfully...
[2025-06-07 19:32:22] INFO: Product price Validated Successfully...
[2025-06-07 19:34:25] INFO: Login Title Passed Succesfully...
[2025-06-07 19:34:25] INFO: Login Url Passed Succesfully...
[2025-06-07 19:34:25] INFO: Click_On_SignUp_Done
[2025-06-07 19:34:26] INFO: SignUp Username passed successfully...
[2025-06-07 19:34:26] INFO: SignUp password passed successfully...
[2025-06-07 19:34:32] INFO: Login Username passed successfully...
[2025-06-07 19:34:32] INFO: login password passed successfully...
[2025-06-07 19:34:36] INFO: Home Title Passed Succesfully...
[2025-06-07 19:34:36] INFO: Home url Passed Succesfully...
[2025-06-07 19:34:36] INFO: Product Count Validated Successfully...
[2025-06-07 19:34:36] INFO: Product price Validated Successfully...
[2025-06-07 20:08:29] INFO: Login Title Passed Succesfully...
[2025-06-07 20:08:29] INFO: Login Url Passed Succesfully...
[2025-06-07 20:08:29] INFO: Click_On_SignUp_Done
[2025-06-07 20:08:30] INFO: SignUp Username passed successfully...
[2025-06-07 20:08:30] INFO: SignUp password passed successfully...
[2025-06-07 20:08:36] INFO: Login Username passed successfully...
[2025-06-07 20:08:36] INFO: login password passed successfully...
[2025-06-07 20:08:40] INFO: Home Title Passed Succesfully...
[2025-06-07 20:08:40] INFO: Home url Passed Succesfully...
[2025-06-07 20:08:40] INFO: Product Count Validated Successfully...
[2025-06-07 20:08:40] INFO: Product price Validated Successfully...
[2025-06-07 20:10:17] INFO: Login Title Passed Succesfully...
[2025-06-07 20:10:17] INFO: Login Url Passed Succesfully...
[2025-06-07 20:10:18] INFO: Click_On_SignUp_Done
[2025-06-07 20:10:19] INFO: SignUp Username passed successfully...
[2025-06-07 20:10:19] INFO: SignUp password passed successfully...
[2025-06-07 20:10:24] INFO: Login Username passed successfully...
[2025-06-07 20:10:24] INFO: login password passed successfully...
[2025-06-07 20:10:29] INFO: Home Title Passed Succesfully...
[2025-06-07 20:10:29] INFO: Home url Passed Succesfully...
[2025-06-07 20:10:30] INFO: Product Count Validated Successfully...
[2025-06-07 20:10:30] INFO: Product price Validated Successfully...
[2025-06-07 20:16:35] INFO: Login Title Passed Succesfully...
[2025-06-07 20:16:35] INFO: Login Url Passed Succesfully...
[2025-06-07 20:16:35] INFO: Click_On_SignUp_Done
[2025-06-07 20:16:36] INFO: SignUp Username passed successfully...
[2025-06-07 20:16:36] INFO: SignUp password passed successfully...
[2025-06-07 20:16:42] INFO: Login Username passed successfully...
[2025-06-07 20:16:42] INFO: login password passed successfully...
[2025-06-07 20:16:46] INFO: Home Title Passed Succesfully...
[2025-06-07 20:16:46] INFO: Home url Passed Succesfully...
[2025-06-07 20:16:46] INFO: Product Count Validated Successfully...
[2025-06-07 20:16:46] INFO: Product price Validated Successfully...
[2025-06-07 20:16:47] INFO: Product Title Passed Succesfully...
[2025-06-07 20:16:47] ERROR: product url not Passed Succesfully...
[2025-06-07 20:16:49] INFO: Product Name Validation Succesfull....
[2025-06-07 20:16:49] ERROR: product price validation not succesfull....
[2025-06-07 20:16:49] INFO: Product Info Validation sucesfull...
[2025-06-07 20:17:43] INFO: Login Title Passed Succesfully...
[2025-06-07 20:17:43] INFO: Login Url Passed Succesfully...
[2025-06-07 20:17:43] INFO: Click_On_SignUp_Done
[2025-06-07 20:17:44] INFO: SignUp Username passed successfully...
[2025-06-07 20:17:44] INFO: SignUp password passed successfully...
[2025-06-07 20:17:50] INFO: Login Username passed successfully...
[2025-06-07 20:17:50] INFO: login password passed successfully...
[2025-06-07 20:17:54] INFO: Home Title Passed Succesfully...
[2025-06-07 20:17:54] INFO: Home url Passed Succesfully...
[2025-06-07 20:17:54] INFO: Product Count Validated Successfully...
[2025-06-07 20:17:54] INFO: Product price Validated Successfully...
[2025-06-07 20:17:55] INFO: Product Title Passed Succesfully...
[2025-06-07 20:17:55] ERROR: product url not Passed Succesfully...
[2025-06-07 20:17:57] INFO: Product Name Validation Succesfull....
[2025-06-07 20:17:57] ERROR: product price validation not succesfull....
[2025-06-07 20:17:57] INFO: Product Info Validation sucesfull...
[2025-06-07 20:33:43] INFO: Login Title Passed Succesfully...
[2025-06-07 20:33:43] INFO: Login Url Passed Succesfully...
[2025-06-07 20:33:43] INFO: Click_On_SignUp_Done
[2025-06-07 20:33:44] INFO: SignUp Username passed successfully...
[2025-06-07 20:33:44] INFO: SignUp password passed successfully...
[2025-06-07 20:33:50] INFO: Login Username passed successfully...
[2025-06-07 20:33:50] INFO: login password passed successfully...
[2025-06-07 20:33:54] INFO: Home Title Passed Succesfully...
[2025-06-07 20:33:54] INFO: Home url Passed Succesfully...
[2025-06-07 20:33:54] INFO: Product Count Validated Successfully...
[2025-06-07 20:33:54] INFO: Product price Validated Successfully...
[2025-06-07 20:33:55] INFO: Product Title Passed Succesfully...
[2025-06-07 20:33:55] ERROR: product url not Passed Succesfully...
[2025-06-07 20:33:57] INFO: Product Name Validation Succesfull....
[2025-06-07 20:33:57] INFO: Product price Validation Succesfull....
[2025-06-07 20:33:57] INFO: Product Info Validation sucesfull...
[2025-06-07 20:33:59] INFO: Payment Title Passed Succesfully...
[2025-06-07 20:33:59] INFO: Payment Url Passed Succesfully...
[2025-06-07 20:33:59] INFO: Payemnt Product Name Validation Succesfull....
[2025-06-07 20:33:59] INFO: Payemnt Product Price Validation Succesfull....
[2025-06-07 20:43:54] INFO: Login Title Passed Succesfully...
[2025-06-07 20:43:54] INFO: Login Url Passed Succesfully...
[2025-06-07 20:43:54] INFO: Click_On_SignUp_Done
[2025-06-07 20:43:55] INFO: SignUp Username passed successfully...
[2025-06-07 20:43:55] INFO: SignUp password passed successfully...
[2025-06-07 20:44:01] INFO: Login Username passed successfully...
[2025-06-07 20:44:01] INFO: login password passed successfully...
[2025-06-07 20:44:05] INFO: Home Title Passed Succesfully...
[2025-06-07 20:44:05] INFO: Home url Passed Succesfully...
[2025-06-07 20:44:05] INFO: Product Count Validated Successfully...
[2025-06-07 20:44:05] INFO: Product price Validated Successfully...
[2025-06-07 20:44:06] INFO: Product Title Passed Succesfully...
[2025-06-07 20:44:06] ERROR: product url not Passed Succesfully...
[2025-06-07 20:44:08] INFO: Product Name Validation Succesfull....
[2025-06-07 20:44:08] INFO: Product price Validation Succesfull....
[2025-06-07 20:44:08] INFO: Product Info Validation sucesfull...
[2025-06-07 20:44:11] INFO: Payment Title Passed Succesfully...
[2025-06-07 20:44:11] INFO: Payment Url Passed Succesfully...
[2025-06-07 20:44:11] INFO: Payemnt Product Name Validation Succesfull....
[2025-06-07 20:44:11] INFO: Payemnt Product Price Validation Succesfull....
[2025-06-07 20:44:11] INFO: Payment name passed successfully...
[2025-06-07 20:44:11] INFO: Payment country passed successfully...
[2025-06-07 20:44:11] INFO: Payment city passed successfully...
[2025-06-07 20:44:11] INFO: Payment CreditCard passed successfully...
[2025-06-07 20:44:12] INFO: Payment Month passed successfully...
[2025-06-07 20:44:12] INFO: Payment Year passed successfully...
[2025-06-07 21:04:05] INFO: Login Title Passed Succesfully...
[2025-06-07 21:04:05] INFO: Login Url Passed Succesfully...
[2025-06-07 21:04:05] INFO: Click_On_SignUp_Done
[2025-06-07 21:04:06] INFO: SignUp Username passed successfully...
[2025-06-07 21:04:06] INFO: SignUp password passed successfully...
[2025-06-07 21:04:12] INFO: Login Username passed successfully...
[2025-06-07 21:04:12] INFO: login password passed successfully...
[2025-06-07 21:04:16] INFO: Home Title Passed Succesfully...
[2025-06-07 21:04:16] INFO: Home url Passed Succesfully...
[2025-06-07 21:04:16] INFO: Product Count Validated Successfully...
[2025-06-07 21:04:17] INFO: Product price Validated Successfully...
[2025-06-07 21:04:17] INFO: Product Title Passed Succesfully...
[2025-06-07 21:04:17] INFO: product url Passed Succesfully...
[2025-06-07 21:04:20] INFO: Product Name Validation Succesfull....
[2025-06-07 21:04:20] INFO: Product price Validation Succesfull....
[2025-06-07 21:04:20] INFO: Product Info Validation sucesfull...
[2025-06-07 21:04:22] INFO: Payment Title Passed Succesfully...
[2025-06-07 21:04:22] INFO: Payment Url Passed Succesfully...
[2025-06-07 21:04:22] INFO: Payemnt Product Name Validation Succesfull....
[2025-06-07 21:04:22] INFO: Payemnt Product Price Validation Succesfull....
[2025-06-07 21:04:23] INFO: Payment name passed successfully...
[2025-06-07 21:04:23] INFO: Payment country passed successfully...
[2025-06-07 21:04:23] INFO: Payment city passed successfully...
[2025-06-07 21:04:23] INFO: Payment CreditCard passed successfully...
[2025-06-07 21:04:23] INFO: Payment Month passed successfully...
[2025-06-07 21:05:14] INFO: Login Title Passed Succesfully...
[2025-06-07 21:05:14] INFO: Login Url Passed Succesfully...
[2025-06-07 21:05:14] INFO: Click_On_SignUp_Done
[2025-06-07 21:05:15] INFO: SignUp Username passed successfully...
[2025-06-07 21:05:16] INFO: SignUp password passed successfully...
[2025-06-07 21:05:21] INFO: Login Username passed successfully...
[2025-06-07 21:05:21] INFO: login password passed successfully...
[2025-06-07 21:05:26] INFO: Home Title Passed Succesfully...
[2025-06-07 21:05:26] INFO: Home url Passed Succesfully...
[2025-06-07 21:05:27] INFO: Product Count Validated Successfully...
[2025-06-07 21:05:27] INFO: Product price Validated Successfully...
[2025-06-07 21:05:28] INFO: Product Title Passed Succesfully...
[2025-06-07 21:05:28] INFO: product url Passed Succesfully...
[2025-06-07 21:05:29] INFO: Product Name Validation Succesfull....
[2025-06-07 21:05:29] INFO: Product price Validation Succesfull....
[2025-06-07 21:05:30] INFO: Product Info Validation sucesfull...
[2025-06-07 21:05:33] INFO: Payment Title Passed Succesfully...
[2025-06-07 21:05:33] INFO: Payment Url Passed Succesfully...
[2025-06-07 21:05:33] INFO: Payemnt Product Name Validation Succesfull....
[2025-06-07 21:05:33] INFO: Payemnt Product Price Validation Succesfull....
[2025-06-07 21:05:34] INFO: Payment name passed successfully...
[2025-06-07 21:05:34] INFO: Payment country passed successfully...
[2025-06-07 21:05:34] INFO: Payment city passed successfully...
[2025-06-07 21:05:34] INFO: Payment CreditCard passed successfully...
[2025-06-07 21:05:34] INFO: Payment Month passed successfully...
[2025-06-07 21:05:34] INFO: Payment Year passed successfully...
[2025-06-07 21:15:56] INFO: Login______Test_______Started_____
[2025-06-07 21:15:56] INFO: Login Title Passed Succesfully...
[2025-06-07 21:15:56] INFO: Login Url Passed Succesfully...
[2025-06-07 21:15:56] INFO: Click_On_SignUp_Done
[2025-06-07 21:15:57] INFO: SignUp Username passed successfully...
[2025-06-07 21:15:57] INFO: SignUp password passed successfully...
[2025-06-07 21:16:03] INFO: Login Username passed successfully...
[2025-06-07 21:16:03] INFO: login password passed successfully...
[2025-06-07 21:16:07] INFO: Home______Test_______Started_____
[2025-06-07 21:16:07] INFO: Home Title Passed Succesfully...
[2025-06-07 21:16:07] INFO: Home url Passed Succesfully...
[2025-06-07 21:16:07] INFO: Product Count Validated Successfully...
[2025-06-07 21:16:07] INFO: Product price Validated Successfully...
[2025-06-07 21:16:08] INFO: Product______Test_______Started_____
[2025-06-07 21:16:08] INFO: Product Title Passed Succesfully...
[2025-06-07 21:16:08] INFO: product url Passed Succesfully...
[2025-06-07 21:16:10] INFO: Product Name Validation Succesfull....
[2025-06-07 21:16:10] INFO: Product price Validation Succesfull....
[2025-06-07 21:16:10] INFO: Product Info Validation sucesfull...
[2025-06-07 21:16:11] INFO: Payment______Test_______Started_____
[2025-06-07 21:16:13] INFO: Payment Title Passed Succesfully...
[2025-06-07 21:16:13] INFO: Payment Url Passed Succesfully...
[2025-06-07 21:16:39] INFO: Login______Test_______Started_____
[2025-06-07 21:16:39] INFO: Login Title Passed Succesfully...
[2025-06-07 21:16:39] INFO: Login Url Passed Succesfully...
[2025-06-07 21:16:39] INFO: Click_On_SignUp_Done
[2025-06-07 21:16:40] INFO: SignUp Username passed successfully...
[2025-06-07 21:16:40] INFO: SignUp password passed successfully...
[2025-06-07 21:16:46] INFO: Login Username passed successfully...
[2025-06-07 21:16:46] INFO: login password passed successfully...
[2025-06-07 21:16:50] INFO: Home______Test_______Started_____
[2025-06-07 21:17:27] INFO: Login______Test_______Started_____
[2025-06-07 21:17:27] INFO: Login Title Passed Succesfully...
[2025-06-07 21:17:27] INFO: Login Url Passed Succesfully...
[2025-06-07 21:17:27] INFO: Click_On_SignUp_Done
[2025-06-07 21:17:29] INFO: SignUp Username passed successfully...
[2025-06-07 21:17:29] INFO: SignUp password passed successfully...
[2025-06-07 21:17:34] INFO: Login Username passed successfully...
[2025-06-07 21:17:34] INFO: login password passed successfully...
[2025-06-07 21:17:38] INFO: Home______Test_______Started_____
[2025-06-07 21:17:39] INFO: Home Title Passed Succesfully...
[2025-06-07 21:17:39] INFO: Home url Passed Succesfully...
[2025-06-07 21:17:39] INFO: Product Count Validated Successfully...
[2025-06-07 21:17:39] INFO: Product price Validated Successfully...
[2025-06-07 21:17:39] INFO: Product______Test_______Started_____
[2025-06-07 21:17:39] INFO: Product Title Passed Succesfully...
[2025-06-07 21:17:39] INFO: product url Passed Succesfully...
[2025-06-07 21:17:41] INFO: Product Name Validation Succesfull....
[2025-06-07 21:17:41] INFO: Product price Validation Succesfull....
[2025-06-07 21:17:41] INFO: Product Info Validation sucesfull...
[2025-06-07 21:17:42] INFO: Payment______Test_______Started_____
[2025-06-07 21:17:45] INFO: Payment Title Passed Succesfully...
[2025-06-07 21:17:45] INFO: Payment Url Passed Succesfully...
[2025-06-07 21:19:19] INFO: Login______Test_______Started_____
[2025-06-07 21:19:19] INFO: Login Title Passed Succesfully...
[2025-06-07 21:19:19] INFO: Login Url Passed Succesfully...
[2025-06-07 21:19:19] INFO: Click_On_SignUp_Done
[2025-06-07 21:19:20] INFO: SignUp Username passed successfully...
[2025-06-07 21:19:20] INFO: SignUp password passed successfully...
[2025-06-07 21:19:26] INFO: Login Username passed successfully...
[2025-06-07 21:19:26] INFO: login password passed successfully...
[2025-06-07 21:19:30] INFO: Home______Test_______Started_____
[2025-06-07 21:19:30] INFO: Home Title Passed Succesfully...
[2025-06-07 21:19:30] INFO: Home url Passed Succesfully...
[2025-06-07 21:19:30] INFO: Product Count Validated Successfully...
[2025-06-07 21:19:30] INFO: Product price Validated Successfully...
[2025-06-07 21:19:31] INFO: Product______Test_______Started_____
[2025-06-07 21:19:31] INFO: Product Title Passed Succesfully...
[2025-06-07 21:19:31] INFO: product url Passed Succesfully...
[2025-06-07 21:19:34] INFO: Product Name Validation Succesfull....
[2025-06-07 21:19:34] INFO: Product price Validation Succesfull....
[2025-06-07 21:19:34] INFO: Product Info Validation sucesfull...
[2025-06-07 21:19:37] INFO: Payment______Test_______Started_____
[2025-06-07 21:19:40] INFO: Payment Title Passed Succesfully...
[2025-06-07 21:19:40] INFO: Payment Url Passed Succesfully...
[2025-06-07 21:19:40] INFO: Payemnt Product Name Validation Succesfull....
[2025-06-07 21:19:40] INFO: Payemnt Product Price Validation Succesfull....
[2025-06-07 21:19:41] INFO: Payment name passed successfully...
[2025-06-07 21:19:41] INFO: Payment country passed successfully...
[2025-06-07 21:19:41] INFO: Payment city passed successfully...
[2025-06-07 21:19:41] INFO: Payment CreditCard passed successfully...
[2025-06-07 21:19:41] INFO: Payment Month passed successfully...
[2025-06-07 21:19:41] INFO: Payment Year passed successfully...
[2025-06-07 21:20:18] INFO: Login______Test_______Started_____
[2025-06-07 21:20:18] INFO: Login Title Passed Succesfully...
[2025-06-07 21:20:18] INFO: Login Url Passed Succesfully...
[2025-06-07 21:20:18] INFO: Click_On_SignUp_Done
[2025-06-07 21:20:20] INFO: SignUp Username passed successfully...
[2025-06-07 21:20:20] INFO: SignUp password passed successfully...
[2025-06-07 21:20:25] INFO: Login Username passed successfully...
[2025-06-07 21:20:25] INFO: login password passed successfully...
[2025-06-07 21:20:30] INFO: Home______Test_______Started_____
[2025-06-07 21:20:30] INFO: Home Title Passed Succesfully...
[2025-06-07 21:20:30] INFO: Home url Passed Succesfully...
[2025-06-07 21:20:30] INFO: Product Count Validated Successfully...
[2025-06-07 21:20:30] INFO: Product price Validated Successfully...
[2025-06-07 21:20:30] INFO: Product______Test_______Started_____
[2025-06-07 21:20:30] INFO: Product Title Passed Succesfully...
[2025-06-07 21:20:30] INFO: product url Passed Succesfully...
[2025-06-07 21:20:32] INFO: Product Name Validation Succesfull....
[2025-06-07 21:20:32] INFO: Product price Validation Succesfull....
[2025-06-07 21:20:32] INFO: Product Info Validation sucesfull...
[2025-06-07 21:20:35] INFO: Payment______Test_______Started_____
[2025-06-07 21:20:38] INFO: Payment Title Passed Succesfully...
[2025-06-07 21:20:38] INFO: Payment Url Passed Succesfully...
[2025-06-07 21:20:38] INFO: Payemnt Product Name Validation Succesfull....
[2025-06-07 21:20:38] INFO: Payemnt Product Price Validation Succesfull....
[2025-06-07 21:20:38] INFO: Payment name passed successfully...
[2025-06-07 21:20:38] INFO: Payment country passed successfully...
[2025-06-07 21:20:38] INFO: Payment city passed successfully...
[2025-06-07 21:20:38] INFO: Payment CreditCard passed successfully...
[2025-06-07 21:20:38] INFO: Payment Month passed successfully...
[2025-06-07 21:20:38] INFO: Payment Year passed successfully...
[2025-06-07 21:21:01] INFO: Login______Test_______Started_____
[2025-06-07 21:21:02] INFO: Login Title Passed Succesfully...
[2025-06-07 21:21:02] INFO: Login Url Passed Succesfully...
[2025-06-07 21:21:02] INFO: Click_On_SignUp_Done
[2025-06-07 21:21:03] INFO: SignUp Username passed successfully...
[2025-06-07 21:21:03] INFO: SignUp password passed successfully...
[2025-06-07 21:21:08] INFO: Login Username passed successfully...
[2025-06-07 21:21:08] INFO: login password passed successfully...
[2025-06-07 21:21:13] INFO: Home______Test_______Started_____
[2025-06-07 21:21:13] INFO: Home Title Passed Succesfully...
[2025-06-07 21:21:13] INFO: Home url Passed Succesfully...
[2025-06-07 21:21:13] INFO: Product Count Validated Successfully...
[2025-06-07 21:21:13] INFO: Product price Validated Successfully...
[2025-06-07 21:21:13] INFO: Product______Test_______Started_____
[2025-06-07 21:21:13] INFO: Product Title Passed Succesfully...
[2025-06-07 21:21:13] INFO: product url Passed Succesfully...
[2025-06-07 21:21:15] INFO: Product Name Validation Succesfull....
[2025-06-07 21:21:15] INFO: Product price Validation Succesfull....
[2025-06-07 21:21:15] INFO: Product Info Validation sucesfull...
[2025-06-07 21:21:18] INFO: Payment______Test_______Started_____
[2025-06-07 21:21:21] INFO: Payment Title Passed Succesfully...
[2025-06-07 21:21:21] INFO: Payment Url Passed Succesfully...
[2025-06-07 21:21:21] INFO: Payemnt Product Name Validation Succesfull....
[2025-06-07 21:21:21] INFO: Payemnt Product Price Validation Succesfull....
[2025-06-07 21:21:21] INFO: Payment name passed successfully...
[2025-06-07 21:21:21] INFO: Payment country passed successfully...
[2025-06-07 21:21:21] INFO: Payment city passed successfully...
[2025-06-07 21:21:21] INFO: Payment CreditCard passed successfully...
[2025-06-07 21:21:22] INFO: Payment Month passed successfully...
[2025-06-07 21:21:22] INFO: Payment Year passed successfully...
[2025-06-07 21:24:44] INFO: Login______Test_______Started_____
[2025-06-07 21:24:44] INFO: Login Title Passed Succesfully...
[2025-06-07 21:24:44] INFO: Login Url Passed Succesfully...
[2025-06-07 21:24:44] INFO: Click_On_SignUp_Done
[2025-06-07 21:24:45] INFO: SignUp Username passed successfully...
[2025-06-07 21:24:45] INFO: SignUp password passed successfully...
[2025-06-07 21:24:51] INFO: Login Username passed successfully...
[2025-06-07 21:24:51] INFO: login password passed successfully...
[2025-06-07 21:24:55] INFO: Home______Test_______Started_____
[2025-06-07 21:24:55] INFO: Home Title Passed Succesfully...
[2025-06-07 21:24:55] INFO: Home url Passed Succesfully...
[2025-06-07 21:24:55] INFO: Product Count Validated Successfully...
[2025-06-07 21:24:56] INFO: Product price Validated Successfully...
[2025-06-07 21:24:56] INFO: Product______Test_______Started_____
[2025-06-07 21:24:56] INFO: Product Title Passed Succesfully...
[2025-06-07 21:24:56] INFO: product url Passed Succesfully...
[2025-06-07 21:24:58] INFO: Product Name Validation Succesfull....
[2025-06-07 21:24:58] INFO: Product price Validation Succesfull....
[2025-06-07 21:24:58] INFO: Product Info Validation sucesfull...
[2025-06-07 21:25:01] INFO: Payment______Test_______Started_____
[2025-06-07 21:25:04] INFO: Payment Title Passed Succesfully...
[2025-06-07 21:25:04] INFO: Payment Url Passed Succesfully...
[2025-06-07 21:25:04] INFO: Payemnt Product Name Validation Succesfull....
[2025-06-07 21:25:04] INFO: Payemnt Product Price Validation Succesfull....
[2025-06-07 21:25:04] INFO: Payment name passed successfully...
[2025-06-07 21:25:04] INFO: Payment country passed successfully...
[2025-06-07 21:25:04] INFO: Payment city passed successfully...
[2025-06-07 21:25:04] INFO: Payment CreditCard passed successfully...
[2025-06-07 21:25:04] INFO: Payment Month passed successfully...
[2025-06-07 21:25:04] INFO: Payment Year passed successfully...
[2025-06-07 21:26:47] INFO: Login______Test_______Started_____
[2025-06-07 21:26:47] INFO: Login Title Passed Succesfully...
[2025-06-07 21:26:47] INFO: Login Url Passed Succesfully...
[2025-06-07 21:26:48] INFO: Click_On_SignUp_Done
[2025-06-07 21:26:49] INFO: SignUp Username passed successfully...
[2025-06-07 21:26:49] INFO: SignUp password passed successfully...
[2025-06-07 21:26:55] INFO: Login Username passed successfully...
[2025-06-07 21:26:55] INFO: login password passed successfully...
[2025-06-07 21:26:59] INFO: Home______Test_______Started_____
[2025-06-07 21:26:59] INFO: Home Title Passed Succesfully...
[2025-06-07 21:26:59] INFO: Home url Passed Succesfully...
[2025-06-07 21:26:59] INFO: Product Count Validated Successfully...
[2025-06-07 21:26:59] INFO: Product price Validated Successfully...
[2025-06-07 21:27:00] INFO: Product______Test_______Started_____
[2025-06-07 21:27:00] INFO: Product Title Passed Succesfully...
[2025-06-07 21:27:00] INFO: product url Passed Succesfully...
[2025-06-07 21:27:02] INFO: Product Name Validation Succesfull....
[2025-06-07 21:27:02] INFO: Product price Validation Succesfull....
[2025-06-07 21:27:02] INFO: Product Info Validation sucesfull...
[2025-06-07 21:27:05] INFO: Payment______Test_______Started_____
[2025-06-07 21:27:08] INFO: Payment Title Passed Succesfully...
[2025-06-07 21:27:08] INFO: Payment Url Passed Succesfully...
[2025-06-07 21:27:08] INFO: Payemnt Product Name Validation Succesfull....
[2025-06-07 21:27:08] INFO: Payemnt Product Price Validation Succesfull....
[2025-06-07 21:27:09] INFO: Payment name passed successfully...
[2025-06-07 21:27:09] INFO: Payment country passed successfully...
[2025-06-07 21:27:09] INFO: Payment city passed successfully...
[2025-06-07 21:27:09] INFO: Payment CreditCard passed successfully...
[2025-06-07 21:27:09] INFO: Payment Month passed successfully...
[2025-06-07 21:27:10] INFO: Payment Year passed successfully...
[2025-06-07 21:31:13] INFO: Login______Test_______Started_____
[2025-06-07 21:31:13] INFO: Login Title Passed Succesfully...
[2025-06-07 21:31:13] INFO: Login Url Passed Succesfully...
[2025-06-07 21:31:13] INFO: Click_On_SignUp_Done
[2025-06-07 21:31:14] INFO: SignUp Username passed successfully...
[2025-06-07 21:31:14] INFO: SignUp password passed successfully...
[2025-06-07 21:31:20] INFO: Login Username passed successfully...
[2025-06-07 21:31:20] INFO: login password passed successfully...
[2025-06-07 21:31:25] INFO: Home______Test_______Started_____
[2025-06-07 21:31:25] INFO: Home Title Passed Succesfully...
[2025-06-07 21:31:25] INFO: Home url Passed Succesfully...
[2025-06-07 21:31:25] INFO: Product Count Validated Successfully...
[2025-06-07 21:31:25] INFO: Product price Validated Successfully...
[2025-06-07 21:31:26] INFO: Product______Test_______Started_____
[2025-06-07 21:31:26] INFO: Product Title Passed Succesfully...
[2025-06-07 21:31:26] INFO: product url Passed Succesfully...
[2025-06-07 21:31:27] INFO: Product Name Validation Succesfull....
[2025-06-07 21:31:27] INFO: Product price Validation Succesfull....
[2025-06-07 21:31:28] INFO: Product Info Validation sucesfull...
[2025-06-07 21:31:30] INFO: Payment______Test_______Started_____
[2025-06-07 21:31:33] INFO: Payment Title Passed Succesfully...
[2025-06-07 21:31:33] INFO: Payment Url Passed Succesfully...
[2025-06-07 21:31:33] INFO: Payemnt Product Name Validation Succesfull....
[2025-06-07 21:31:33] INFO: Payemnt Product Price Validation Succesfull....
[2025-06-07 21:31:34] INFO: Payment name passed successfully...
[2025-06-07 21:31:34] INFO: Payment country passed successfully...
[2025-06-07 21:31:34] INFO: Payment city passed successfully...
[2025-06-07 21:31:34] INFO: Payment CreditCard passed successfully...
[2025-06-07 21:31:34] INFO: Payment Month passed successfully...
[2025-06-07 21:31:35] INFO: Payment Year passed successfully...
[2025-06-08 18:45:15] INFO: Login______Test_______Started_____
[2025-06-08 18:45:15] INFO: Login Title Passed Succesfully...
[2025-06-08 18:45:15] INFO: Login Url Passed Succesfully...
[2025-06-08 18:45:15] INFO: Click_On_SignUp_Done
[2025-06-08 18:45:17] INFO: SignUp Username passed successfully...
[2025-06-08 18:45:17] INFO: SignUp password passed successfully...
[2025-06-08 18:45:23] INFO: Login Username passed successfully...
[2025-06-08 18:45:23] INFO: login password passed successfully...
[2025-06-08 18:45:27] INFO: Home______Test_______Started_____
[2025-06-08 18:45:27] INFO: Home Title Passed Succesfully...
[2025-06-08 18:45:27] INFO: Home url Passed Succesfully...
[2025-06-08 18:45:29] INFO: Product Count Validated Successfully...
[2025-06-08 18:45:29] INFO: Product price Validated Successfully...
[2025-06-08 18:45:30] INFO: Product______Test_______Started_____
[2025-06-08 18:45:30] INFO: Product Title Passed Succesfully...
[2025-06-08 18:45:30] INFO: product url Passed Succesfully...
[2025-06-08 18:45:31] INFO: Product Name Validation Succesfull....
[2025-06-08 18:45:31] INFO: Product price Validation Succesfull....
[2025-06-08 18:45:32] INFO: Product Info Validation sucesfull...
[2025-06-08 18:45:34] INFO: Payment______Test_______Started_____
[2025-06-08 18:45:37] INFO: Payment Title Passed Succesfully...
[2025-06-08 18:45:37] INFO: Payment Url Passed Succesfully...
[2025-06-08 18:46:00] INFO: Login______Test_______Started_____
[2025-06-08 18:46:00] INFO: Login Title Passed Succesfully...
[2025-06-08 18:46:00] INFO: Login Url Passed Succesfully...
[2025-06-08 18:46:01] INFO: Click_On_SignUp_Done
[2025-06-08 18:46:02] INFO: SignUp Username passed successfully...
[2025-06-08 18:46:02] INFO: SignUp password passed successfully...
[2025-06-08 18:46:08] INFO: Login Username passed successfully...
[2025-06-08 18:46:08] INFO: login password passed successfully...
[2025-06-08 18:46:12] INFO: Home______Test_______Started_____
[2025-06-08 18:46:12] INFO: Home Title Passed Succesfully...
[2025-06-08 18:46:12] INFO: Home url Passed Succesfully...
[2025-06-08 18:46:12] INFO: Product Count Validated Successfully...
[2025-06-08 18:46:12] INFO: Product price Validated Successfully...
[2025-06-08 18:46:13] INFO: Product______Test_______Started_____
[2025-06-08 18:46:13] INFO: Product Title Passed Succesfully...
[2025-06-08 18:46:13] INFO: product url Passed Succesfully...
[2025-06-08 18:46:15] INFO: Product Name Validation Succesfull....
[2025-06-08 18:46:15] INFO: Product price Validation Succesfull....
[2025-06-08 18:46:15] INFO: Product Info Validation sucesfull...
[2025-06-08 18:46:18] INFO: Payment______Test_______Started_____
[2025-06-08 18:46:22] INFO: Payment Title Passed Succesfully...
[2025-06-08 18:46:22] INFO: Payment Url Passed Succesfully...
[2025-06-08 18:47:21] INFO: Login______Test_______Started_____
[2025-06-08 18:47:21] INFO: Login Title Passed Succesfully...
[2025-06-08 18:47:21] INFO: Login Url Passed Succesfully...
[2025-06-08 18:47:21] INFO: Click_On_SignUp_Done
[2025-06-08 18:47:23] INFO: SignUp Username passed successfully...
[2025-06-08 18:47:23] INFO: SignUp password passed successfully...
[2025-06-08 18:47:28] INFO: Login Username passed successfully...
[2025-06-08 18:47:28] INFO: login password passed successfully...
[2025-06-08 18:47:33] INFO: Home______Test_______Started_____
[2025-06-08 18:47:33] INFO: Home Title Passed Succesfully...
[2025-06-08 18:47:33] INFO: Home url Passed Succesfully...
[2025-06-08 18:47:34] INFO: Product Count Validated Successfully...
[2025-06-08 18:47:34] INFO: Product price Validated Successfully...
[2025-06-08 18:47:35] INFO: Product______Test_______Started_____
[2025-06-08 18:47:35] INFO: Product Title Passed Succesfully...
[2025-06-08 18:47:35] INFO: product url Passed Succesfully...
[2025-06-08 18:47:37] INFO: Product Name Validation Succesfull....
[2025-06-08 18:47:37] INFO: Product price Validation Succesfull....
[2025-06-08 18:47:37] INFO: Product Info Validation sucesfull...
[2025-06-08 18:47:41] INFO: Payment______Test_______Started_____
[2025-06-08 18:47:44] INFO: Payment Title Passed Succesfully...
[2025-06-08 18:47:44] INFO: Payment Url Passed Succesfully...
[2025-06-08 18:48:03] INFO: Login______Test_______Started_____
[2025-06-08 18:48:03] INFO: Login Title Passed Succesfully...
[2025-06-08 18:48:03] INFO: Login Url Passed Succesfully...
[2025-06-08 18:48:03] INFO: Click_On_SignUp_Done
[2025-06-08 18:48:04] INFO: SignUp Username passed successfully...
[2025-06-08 18:48:04] INFO: SignUp password passed successfully...
[2025-06-08 18:48:10] INFO: Login Username passed successfully...
[2025-06-08 18:48:10] INFO: login password passed successfully...
[2025-06-08 18:48:15] INFO: Home______Test_______Started_____
[2025-06-08 18:48:15] INFO: Home Title Passed Succesfully...
[2025-06-08 18:48:15] INFO: Home url Passed Succesfully...
[2025-06-08 18:48:15] INFO: Product Count Validated Successfully...
[2025-06-08 18:48:15] INFO: Product price Validated Successfully...
[2025-06-08 18:48:16] INFO: Product______Test_______Started_____
[2025-06-08 18:48:16] INFO: Product Title Passed Succesfully...
[2025-06-08 18:48:16] INFO: product url Passed Succesfully...
[2025-06-08 18:48:18] INFO: Product Name Validation Succesfull....
[2025-06-08 18:48:18] INFO: Product price Validation Succesfull....
[2025-06-08 18:48:18] INFO: Product Info Validation sucesfull...
[2025-06-08 18:48:22] INFO: Payment______Test_______Started_____
[2025-06-08 18:48:25] INFO: Payment Title Passed Succesfully...
[2025-06-08 18:48:25] INFO: Payment Url Passed Succesfully...
[2025-06-08 18:48:25] INFO: Payemnt Product Name Validation Succesfull....
[2025-06-08 18:48:25] INFO: Payemnt Product Price Validation Succesfull....
[2025-06-08 18:48:25] INFO: Payment name passed successfully...
[2025-06-08 18:48:25] INFO: Payment country passed successfully...
[2025-06-08 18:48:26] INFO: Payment city passed successfully...
[2025-06-08 18:48:26] INFO: Payment CreditCard passed successfully...
[2025-06-08 18:48:26] INFO: Payment Month passed successfully...
[2025-06-08 18:48:26] INFO: Payment Year passed successfully...
[2025-06-08 18:49:07] INFO: Login______Test_______Started_____
[2025-06-08 18:49:07] INFO: Login Title Passed Succesfully...
[2025-06-08 18:49:07] INFO: Login Url Passed Succesfully...
[2025-06-08 18:49:07] INFO: Click_On_SignUp_Done
[2025-06-08 18:49:08] INFO: SignUp Username passed successfully...
[2025-06-08 18:49:09] INFO: SignUp password passed successfully...
[2025-06-08 18:49:14] INFO: Login Username passed successfully...
[2025-06-08 18:49:15] INFO: login password passed successfully...
[2025-06-08 18:49:19] INFO: Home______Test_______Started_____
[2025-06-08 18:49:19] INFO: Home Title Passed Succesfully...
[2025-06-08 18:49:19] INFO: Home url Passed Succesfully...
[2025-06-08 18:49:19] INFO: Product Count Validated Successfully...
[2025-06-08 18:49:19] INFO: Product price Validated Successfully...
[2025-06-08 18:49:20] INFO: Product______Test_______Started_____
[2025-06-08 18:49:20] INFO: Product Title Passed Succesfully...
[2025-06-08 18:49:20] INFO: product url Passed Succesfully...
[2025-06-08 18:49:22] INFO: Product Name Validation Succesfull....
[2025-06-08 18:49:22] INFO: Product price Validation Succesfull....
[2025-06-08 18:49:22] INFO: Product Info Validation sucesfull...
[2025-06-08 18:49:26] INFO: Payment______Test_______Started_____
[2025-06-08 18:49:29] INFO: Payment Title Passed Succesfully...
[2025-06-08 18:49:29] INFO: Payment Url Passed Succesfully...
[2025-06-08 18:49:29] INFO: Payemnt Product Name Validation Succesfull....
[2025-06-08 18:49:29] INFO: Payemnt Product Price Validation Succesfull....
[2025-06-08 18:49:30] INFO: Payment name passed successfully...
[2025-06-08 18:49:30] INFO: Payment country passed successfully...
[2025-06-08 18:49:30] INFO: Payment city passed successfully...
[2025-06-08 18:49:30] INFO: Payment CreditCard passed successfully...
[2025-06-08 18:49:30] INFO: Payment Month passed successfully...
[2025-06-08 18:49:30] INFO: Payment Year passed successfully...
[2025-06-08 20:34:22] INFO: Login______Test_______Started_____
[2025-06-08 20:34:22] INFO: Login Title Passed Succesfully...
[2025-06-08 20:34:22] INFO: Login Url Passed Succesfully...
[2025-06-08 20:34:23] INFO: Click_On_SignUp_Done
[2025-06-08 20:34:24] INFO: SignUp Username passed successfully...
[2025-06-08 20:34:24] INFO: SignUp password passed successfully...
[2025-06-08 20:34:30] INFO: Login Username passed successfully...
[2025-06-08 20:34:30] INFO: login password passed successfully...
[2025-06-08 20:34:34] INFO: Home______Test_______Started_____
[2025-06-08 20:34:34] INFO: Home Title Passed Succesfully...
[2025-06-08 20:34:34] INFO: Home url Passed Succesfully...
[2025-06-08 20:34:34] INFO: Product Count Validated Successfully...
[2025-06-08 20:34:34] INFO: Product price Validated Successfully...
[2025-06-08 20:34:35] INFO: Product______Test_______Started_____
[2025-06-08 20:34:35] INFO: Product Title Passed Succesfully...
[2025-06-08 20:34:35] INFO: product url Passed Succesfully...
[2025-06-08 20:34:37] INFO: Product Name Validation Succesfull....
[2025-06-08 20:34:37] INFO: Product price Validation Succesfull....
[2025-06-08 20:34:37] INFO: Product Info Validation sucesfull...
[2025-06-08 20:34:41] INFO: Payment______Test_______Started_____
[2025-06-08 20:34:44] INFO: Payment Title Passed Succesfully...
[2025-06-08 20:34:44] INFO: Payment Url Passed Succesfully...
[2025-06-08 20:34:45] INFO: Payemnt Product Name Validation Succesfull....
[2025-06-08 20:34:45] INFO: Payemnt Product Price Validation Succesfull....
[2025-06-08 20:34:45] INFO: Payment name passed successfully...
[2025-06-08 20:34:45] INFO: Payment country passed successfully...
[2025-06-08 20:34:45] INFO: Payment city passed successfully...
[2025-06-08 20:34:46] INFO: Payment CreditCard passed successfully...
[2025-06-08 20:34:46] INFO: Payment Month passed successfully...
[2025-06-08 20:34:46] INFO: Payment Year passed successfully...
